<?xml version="1.0" encoding="UTF-8"?>
<!-- Generated by org.testng.reporters.JUnitXMLReporter -->
<testsuite ignored="0" hostname="INLEN8520041077" failures="0" tests="4" name="ChromeTest2" time="45.704" errors="0" timestamp="2023-01-31T14:44:24 IST">
  <testcase classname="Passengers_details.PassengersDetails" name="user_is_on_BookingPage" time="41.686"/>
  <testcase classname="Passengers_details.PassengersDetails" name="enters_number_and_password" time="2.925"/>
  <testcase classname="Passengers_details.PassengersDetails" name="clicks_login_button" time="0.231"/>
  <testcase classname="Passengers_details.PassengersDetails" name="user_is_navigated_to_payment_portal" time="0.794"/>
</testsuite> <!-- ChromeTest2 -->
