<?xml version="1.0" encoding="UTF-8"?>
<!-- Generated by org.testng.reporters.JUnitXMLReporter -->
<testsuite ignored="0" hostname="INLEN8520041077" failures="0" tests="4" name="IETest3" time="40.357" errors="0" timestamp="2023-01-31T14:45:00 IST">
  <testcase classname="Payment_Portal.Paymentportal" name="user_is_on_PaymentPage" time="36.286"/>
  <testcase classname="Payment_Portal.Paymentportal" name="user_enters_Payment_credentials" time="0.515"/>
  <testcase classname="Payment_Portal.Paymentportal" name="clicks_pay_button" time="0.067"/>
  <testcase classname="Payment_Portal.Paymentportal" name="displayed_with_thankyou_message" time="3.479"/>
</testsuite> <!-- IETest3 -->
