<?xml version="1.0" encoding="UTF-8"?>
<!-- Generated by org.testng.reporters.JUnitXMLReporter -->
<testsuite ignored="0" hostname="INLEN8520041077" failures="0" tests="4" name="IETest2" time="44.924" errors="0" timestamp="2023-01-31T14:44:23 IST">
  <testcase classname="Passengers_details.PassengersDetails" name="user_is_on_BookingPage" time="41.031"/>
  <testcase classname="Passengers_details.PassengersDetails" name="enters_number_and_password" time="2.869"/>
  <testcase classname="Passengers_details.PassengersDetails" name="clicks_login_button" time="0.156"/>
  <testcase classname="Passengers_details.PassengersDetails" name="user_is_navigated_to_payment_portal" time="0.783"/>
</testsuite> <!-- IETest2 -->
