<?xml version="1.0" encoding="UTF-8"?>
<!-- Generated by org.testng.reporters.JUnitXMLReporter -->
<testsuite ignored="0" hostname="INLEN8520041077" failures="1" tests="4" name="IETest4" time="54.062" errors="0" timestamp="2023-01-31T10:29:28 IST">
  <testcase classname="BookingCancellation.BookingCancellation" name="user_has_made_a_booking" time="36.392"/>
  <testcase classname="BookingCancellation.BookingCancellation" name="user_Clicks_on_Bookings" time="0.316"/>
  <testcase classname="BookingCancellation.BookingCancellation" name="clicks_cancelReservation_button" time="4.272"/>
  <testcase classname="BookingCancellation.BookingCancellation" name="displayed_with_cancelled_message" time="13.074">
    <failure type="org.openqa.selenium.NoSuchElementException" message="no such element: Unable to locate element: {&amp;quot;method&amp;quot;:&amp;quot;xpath&amp;quot;,&amp;quot;selector&amp;quot;:&amp;quot;/html/body/div[1]/div/div[2]/p&amp;quot;}
  (Session info: MicrosoftEdge=109.0.1518.70)
For documentation on this error, please visit: https://selenium.dev/exceptions/#no_such_element
Build info: version: &amp;apos;4.6.0&amp;apos;, revision: &amp;apos;79f1c02ae20&amp;apos;
System info: os.name: &amp;apos;Windows 11&amp;apos;, os.arch: &amp;apos;amd64&amp;apos;, os.version: &amp;apos;10.0&amp;apos;, java.version: &amp;apos;17.0.4.1&amp;apos;
Driver info: org.openqa.selenium.edge.EdgeDriver
Command: [8809cdb608603deb3a28a2dee0705ce2, findElement {using=xpath, value=/html/body/div[1]/div/div[2]/p}]
Capabilities {acceptInsecureCerts: false, browserName: msedge, browserVersion: 109.0.1518.70, ms:edgeOptions: {debuggerAddress: localhost:53865}, msedge: {msedgedriverVersion: 109.0.1518.70 (f787d2c3a418..., userDataDir: C:\Program Files\scoped_dir...}, networkConnectionEnabled: false, pageLoadStrategy: normal, platformName: WINDOWS, proxy: Proxy(), se:cdp: ws://localhost:53865/devtoo..., se:cdpVersion: 109.0.1518.70, setWindowRect: true, strictFileInteractability: false, timeouts: {implicit: 0, pageLoad: 300000, script: 30000}, unhandledPromptBehavior: dismiss and notify, webauthn:extension:credBlob: true, webauthn:extension:largeBlob: true, webauthn:virtualAuthenticators: true}
Session ID: 8809cdb608603deb3a28a2dee0705ce2">
      <![CDATA[org.openqa.selenium.NoSuchElementException: no such element: Unable to locate element: {"method":"xpath","selector":"/html/body/div[1]/div/div[2]/p"}
  (Session info: MicrosoftEdge=109.0.1518.70)
For documentation on this error, please visit: https://selenium.dev/exceptions/#no_such_element
Build info: version: '4.6.0', revision: '79f1c02ae20'
System info: os.name: 'Windows 11', os.arch: 'amd64', os.version: '10.0', java.version: '17.0.4.1'
Driver info: org.openqa.selenium.edge.EdgeDriver
Command: [8809cdb608603deb3a28a2dee0705ce2, findElement {using=xpath, value=/html/body/div[1]/div/div[2]/p}]
Capabilities {acceptInsecureCerts: false, browserName: msedge, browserVersion: 109.0.1518.70, ms:edgeOptions: {debuggerAddress: localhost:53865}, msedge: {msedgedriverVersion: 109.0.1518.70 (f787d2c3a418..., userDataDir: C:\Program Files\scoped_dir...}, networkConnectionEnabled: false, pageLoadStrategy: normal, platformName: WINDOWS, proxy: Proxy(), se:cdp: ws://localhost:53865/devtoo..., se:cdpVersion: 109.0.1518.70, setWindowRect: true, strictFileInteractability: false, timeouts: {implicit: 0, pageLoad: 300000, script: 30000}, unhandledPromptBehavior: dismiss and notify, webauthn:extension:credBlob: true, webauthn:extension:largeBlob: true, webauthn:virtualAuthenticators: true}
Session ID: 8809cdb608603deb3a28a2dee0705ce2
at org.openqa.selenium.remote.codec.w3c.W3CHttpResponseCodec.createException(W3CHttpResponseCodec.java:200)
at org.openqa.selenium.remote.codec.w3c.W3CHttpResponseCodec.decode(W3CHttpResponseCodec.java:133)
at org.openqa.selenium.remote.codec.w3c.W3CHttpResponseCodec.decode(W3CHttpResponseCodec.java:53)
at org.openqa.selenium.remote.HttpCommandExecutor.execute(HttpCommandExecutor.java:184)
at org.openqa.selenium.remote.service.DriverCommandExecutor.invokeExecute(DriverCommandExecutor.java:167)
at org.openqa.selenium.remote.service.DriverCommandExecutor.execute(DriverCommandExecutor.java:142)
at org.openqa.selenium.remote.RemoteWebDriver.execute(RemoteWebDriver.java:541)
at org.openqa.selenium.remote.ElementLocation$ElementFinder$2.findElement(ElementLocation.java:162)
at org.openqa.selenium.remote.ElementLocation.findElement(ElementLocation.java:60)
at org.openqa.selenium.remote.RemoteWebDriver.findElement(RemoteWebDriver.java:365)
at org.openqa.selenium.remote.RemoteWebDriver.findElement(RemoteWebDriver.java:357)
at pageObjects.Cancellation_PO.getNoBookingInfo(Cancellation_PO.java:47)
at BookingCancellation.BookingCancellation.displayed_with_cancelled_message(BookingCancellation.java:141)
at java.base/java.util.ArrayList.forEach(ArrayList.java:1511)
at java.base/java.util.concurrent.FutureTask.run(FutureTask.java:264)
at java.base/java.util.concurrent.ThreadPoolExecutor.runWorker(ThreadPoolExecutor.java:1136)
at java.base/java.util.concurrent.ThreadPoolExecutor$Worker.run(ThreadPoolExecutor.java:635)
at java.base/java.lang.Thread.run(Thread.java:833)
... Removed 23 stack frames]]>
    </failure>
  </testcase> <!-- displayed_with_cancelled_message -->
</testsuite> <!-- IETest4 -->
