<?xml version="1.0" encoding="UTF-8"?>
<!-- Generated by org.testng.reporters.JUnitXMLReporter -->
<testsuite ignored="0" hostname="INLEN8520041077" failures="0" tests="4" name="IETest1" time="43.774" errors="0" timestamp="2023-01-31T14:44:22 IST">
  <testcase classname="Navigation_to_booking_page.NavigationToBookingPage" name="user_is_on_search_page" time="33.757"/>
  <testcase classname="Navigation_to_booking_page.NavigationToBookingPage" name="user_searches_for_available_flights" time="8.956"/>
  <testcase classname="Navigation_to_booking_page.NavigationToBookingPage" name="user_clicks_on_available_flight_bookings" time="0.238"/>
  <testcase classname="Navigation_to_booking_page.NavigationToBookingPage" name="user_is_navigated_to_booking_page" time="0.465"/>
</testsuite> <!-- IETest1 -->
