<?xml version="1.0" encoding="UTF-8"?>
<!-- Generated by org.testng.reporters.JUnitXMLReporter -->
<testsuite ignored="0" hostname="INLEN8520041070" failures="0" tests="5" name="Test" time="88.237" errors="0" timestamp="2022-11-24T11:57:31 IST">
  <testcase classname="stepDefs.LoginStepDef" name="user_is_in_flipkart_website" time="81.252"/>
  <testcase classname="stepDefs.LoginStepDef" name="enters_number_and_password" time="1.162"/>
  <testcase classname="stepDefs.LoginStepDef" name="clicks_login_button" time="5.06"/>
  <testcase classname="stepDefs.LoginStepDef" name="check_whether_text_is_present_in_the_page" time="0.559"/>
  <testcase classname="stepDefs.LoginStepDef" name="close_the_browser" time="0.155"/>
</testsuite> <!-- Test -->
