<?xml version="1.0" encoding="UTF-8"?>
<testng-results ignored="0" total="28" passed="26" failed="2" skipped="0">
  <reporter-output>
  </reporter-output>
  <suite started-at="2023-01-31T14:43:38 IST" name="Suite" finished-at="2023-01-31T14:45:10 IST" duration-ms="92045">
    <groups>
    </groups>
    <test started-at="2023-01-31T14:43:38 IST" name="ChromeTest1" finished-at="2023-01-31T14:44:20 IST" duration-ms="41134">
      <class name="Navigation_to_booking_page.NavigationToBookingPage">
        <test-method signature="user_is_on_search_page(java.lang.String)[pri:1, instance:Navigation_to_booking_page.NavigationToBookingPage@66f57048]" started-at="2023-01-31T14:43:39 IST" name="user_is_on_search_page" finished-at="2023-01-31T14:44:10 IST" duration-ms="31024" status="PASS">
          <params>
            <param index="0">
              <value>
                <![CDATA[chrome]]>
              </value>
            </param>
          </params>
          <reporter-output>
          </reporter-output>
        </test-method> <!-- user_is_on_search_page -->
        <test-method signature="user_searches_for_available_flights()[pri:2, instance:Navigation_to_booking_page.NavigationToBookingPage@66f57048]" started-at="2023-01-31T14:44:10 IST" name="user_searches_for_available_flights" finished-at="2023-01-31T14:44:18 IST" duration-ms="8866" status="PASS">
          <reporter-output>
          </reporter-output>
        </test-method> <!-- user_searches_for_available_flights -->
        <test-method signature="user_clicks_on_available_flight_bookings()[pri:3, instance:Navigation_to_booking_page.NavigationToBookingPage@66f57048]" started-at="2023-01-31T14:44:18 IST" name="user_clicks_on_available_flight_bookings" finished-at="2023-01-31T14:44:19 IST" duration-ms="266" status="PASS">
          <reporter-output>
          </reporter-output>
        </test-method> <!-- user_clicks_on_available_flight_bookings -->
        <test-method signature="user_is_navigated_to_booking_page()[pri:4, instance:Navigation_to_booking_page.NavigationToBookingPage@66f57048]" started-at="2023-01-31T14:44:19 IST" name="user_is_navigated_to_booking_page" finished-at="2023-01-31T14:44:19 IST" duration-ms="519" status="PASS">
          <reporter-output>
          </reporter-output>
        </test-method> <!-- user_is_navigated_to_booking_page -->
        <test-method is-config="true" signature="after_class()[pri:0, instance:Navigation_to_booking_page.NavigationToBookingPage@66f57048]" started-at="2023-01-31T14:44:19 IST" name="after_class" finished-at="2023-01-31T14:44:20 IST" duration-ms="379" status="PASS">
          <reporter-output>
          </reporter-output>
        </test-method> <!-- after_class -->
      </class> <!-- Navigation_to_booking_page.NavigationToBookingPage -->
    </test> <!-- ChromeTest1 -->
    <test started-at="2023-01-31T14:43:38 IST" name="IETest1" finished-at="2023-01-31T14:44:22 IST" duration-ms="43774">
      <class name="Navigation_to_booking_page.NavigationToBookingPage">
        <test-method signature="user_is_on_search_page(java.lang.String)[pri:1, instance:Navigation_to_booking_page.NavigationToBookingPage@6e9175d8]" started-at="2023-01-31T14:43:39 IST" name="user_is_on_search_page" finished-at="2023-01-31T14:44:12 IST" duration-ms="33757" status="PASS">
          <params>
            <param index="0">
              <value>
                <![CDATA[IE]]>
              </value>
            </param>
          </params>
          <reporter-output>
          </reporter-output>
        </test-method> <!-- user_is_on_search_page -->
        <test-method signature="user_searches_for_available_flights()[pri:2, instance:Navigation_to_booking_page.NavigationToBookingPage@6e9175d8]" started-at="2023-01-31T14:44:12 IST" name="user_searches_for_available_flights" finished-at="2023-01-31T14:44:21 IST" duration-ms="8956" status="PASS">
          <reporter-output>
          </reporter-output>
        </test-method> <!-- user_searches_for_available_flights -->
        <test-method signature="user_clicks_on_available_flight_bookings()[pri:3, instance:Navigation_to_booking_page.NavigationToBookingPage@6e9175d8]" started-at="2023-01-31T14:44:21 IST" name="user_clicks_on_available_flight_bookings" finished-at="2023-01-31T14:44:21 IST" duration-ms="238" status="PASS">
          <reporter-output>
          </reporter-output>
        </test-method> <!-- user_clicks_on_available_flight_bookings -->
        <test-method signature="user_is_navigated_to_booking_page()[pri:4, instance:Navigation_to_booking_page.NavigationToBookingPage@6e9175d8]" started-at="2023-01-31T14:44:21 IST" name="user_is_navigated_to_booking_page" finished-at="2023-01-31T14:44:22 IST" duration-ms="465" status="PASS">
          <reporter-output>
          </reporter-output>
        </test-method> <!-- user_is_navigated_to_booking_page -->
        <test-method is-config="true" signature="after_class()[pri:0, instance:Navigation_to_booking_page.NavigationToBookingPage@6e9175d8]" started-at="2023-01-31T14:44:22 IST" name="after_class" finished-at="2023-01-31T14:44:22 IST" duration-ms="264" status="PASS">
          <reporter-output>
          </reporter-output>
        </test-method> <!-- after_class -->
      </class> <!-- Navigation_to_booking_page.NavigationToBookingPage -->
    </test> <!-- IETest1 -->
    <test started-at="2023-01-31T14:43:38 IST" name="IETest2" finished-at="2023-01-31T14:44:23 IST" duration-ms="44924">
      <class name="Passengers_details.PassengersDetails">
        <test-method signature="user_is_on_BookingPage(java.lang.String)[pri:1, instance:Passengers_details.PassengersDetails@126253fd]" started-at="2023-01-31T14:43:39 IST" name="user_is_on_BookingPage" finished-at="2023-01-31T14:44:20 IST" duration-ms="41031" status="PASS">
          <params>
            <param index="0">
              <value>
                <![CDATA[IE]]>
              </value>
            </param>
          </params>
          <reporter-output>
          </reporter-output>
        </test-method> <!-- user_is_on_BookingPage -->
        <test-method signature="enters_number_and_password()[pri:2, instance:Passengers_details.PassengersDetails@126253fd]" started-at="2023-01-31T14:44:20 IST" name="enters_number_and_password" finished-at="2023-01-31T14:44:22 IST" duration-ms="2869" status="PASS">
          <reporter-output>
          </reporter-output>
        </test-method> <!-- enters_number_and_password -->
        <test-method signature="clicks_login_button()[pri:3, instance:Passengers_details.PassengersDetails@126253fd]" started-at="2023-01-31T14:44:22 IST" name="clicks_login_button" finished-at="2023-01-31T14:44:23 IST" duration-ms="156" status="PASS">
          <reporter-output>
          </reporter-output>
        </test-method> <!-- clicks_login_button -->
        <test-method signature="user_is_navigated_to_payment_portal()[pri:4, instance:Passengers_details.PassengersDetails@126253fd]" started-at="2023-01-31T14:44:23 IST" name="user_is_navigated_to_payment_portal" finished-at="2023-01-31T14:44:23 IST" duration-ms="783" status="PASS">
          <reporter-output>
          </reporter-output>
        </test-method> <!-- user_is_navigated_to_payment_portal -->
      </class> <!-- Passengers_details.PassengersDetails -->
    </test> <!-- IETest2 -->
    <test started-at="2023-01-31T14:43:38 IST" name="ChromeTest2" finished-at="2023-01-31T14:44:24 IST" duration-ms="45704">
      <class name="Passengers_details.PassengersDetails">
        <test-method signature="user_is_on_BookingPage(java.lang.String)[pri:1, instance:Passengers_details.PassengersDetails@69504ae9]" started-at="2023-01-31T14:43:39 IST" name="user_is_on_BookingPage" finished-at="2023-01-31T14:44:20 IST" duration-ms="41686" status="PASS">
          <params>
            <param index="0">
              <value>
                <![CDATA[chrome]]>
              </value>
            </param>
          </params>
          <reporter-output>
          </reporter-output>
        </test-method> <!-- user_is_on_BookingPage -->
        <test-method signature="enters_number_and_password()[pri:2, instance:Passengers_details.PassengersDetails@69504ae9]" started-at="2023-01-31T14:44:20 IST" name="enters_number_and_password" finished-at="2023-01-31T14:44:23 IST" duration-ms="2925" status="PASS">
          <reporter-output>
          </reporter-output>
        </test-method> <!-- enters_number_and_password -->
        <test-method signature="clicks_login_button()[pri:3, instance:Passengers_details.PassengersDetails@69504ae9]" started-at="2023-01-31T14:44:23 IST" name="clicks_login_button" finished-at="2023-01-31T14:44:23 IST" duration-ms="231" status="PASS">
          <reporter-output>
          </reporter-output>
        </test-method> <!-- clicks_login_button -->
        <test-method signature="user_is_navigated_to_payment_portal()[pri:4, instance:Passengers_details.PassengersDetails@69504ae9]" started-at="2023-01-31T14:44:23 IST" name="user_is_navigated_to_payment_portal" finished-at="2023-01-31T14:44:24 IST" duration-ms="794" status="PASS">
          <reporter-output>
          </reporter-output>
        </test-method> <!-- user_is_navigated_to_payment_portal -->
      </class> <!-- Passengers_details.PassengersDetails -->
    </test> <!-- ChromeTest2 -->
    <test started-at="2023-01-31T14:43:38 IST" name="ChromeTest3" finished-at="2023-01-31T14:44:27 IST" duration-ms="48620">
      <class name="Payment_Portal.Paymentportal">
        <test-method signature="user_is_on_PaymentPage(java.lang.String)[pri:1, instance:Payment_Portal.Paymentportal@4dc27487]" started-at="2023-01-31T14:43:39 IST" name="user_is_on_PaymentPage" finished-at="2023-01-31T14:44:22 IST" duration-ms="43734" status="PASS">
          <params>
            <param index="0">
              <value>
                <![CDATA[chrome]]>
              </value>
            </param>
          </params>
          <reporter-output>
          </reporter-output>
        </test-method> <!-- user_is_on_PaymentPage -->
        <test-method signature="user_enters_Payment_credentials()[pri:2, instance:Payment_Portal.Paymentportal@4dc27487]" started-at="2023-01-31T14:44:22 IST" name="user_enters_Payment_credentials" finished-at="2023-01-31T14:44:23 IST" duration-ms="855" status="PASS">
          <reporter-output>
          </reporter-output>
        </test-method> <!-- user_enters_Payment_credentials -->
        <test-method signature="clicks_pay_button()[pri:3, instance:Payment_Portal.Paymentportal@4dc27487]" started-at="2023-01-31T14:44:23 IST" name="clicks_pay_button" finished-at="2023-01-31T14:44:23 IST" duration-ms="88" status="PASS">
          <reporter-output>
          </reporter-output>
        </test-method> <!-- clicks_pay_button -->
        <test-method signature="displayed_with_thankyou_message()[pri:4, instance:Payment_Portal.Paymentportal@4dc27487]" started-at="2023-01-31T14:44:23 IST" name="displayed_with_thankyou_message" finished-at="2023-01-31T14:44:27 IST" duration-ms="3869" status="PASS">
          <reporter-output>
          </reporter-output>
        </test-method> <!-- displayed_with_thankyou_message -->
      </class> <!-- Payment_Portal.Paymentportal -->
    </test> <!-- ChromeTest3 -->
    <test started-at="2023-01-31T14:44:20 IST" name="IETest3" finished-at="2023-01-31T14:45:00 IST" duration-ms="40357">
      <class name="Payment_Portal.Paymentportal">
        <test-method signature="user_is_on_PaymentPage(java.lang.String)[pri:1, instance:Payment_Portal.Paymentportal@6933b6c6]" started-at="2023-01-31T14:44:20 IST" name="user_is_on_PaymentPage" finished-at="2023-01-31T14:44:56 IST" duration-ms="36286" status="PASS">
          <params>
            <param index="0">
              <value>
                <![CDATA[IE]]>
              </value>
            </param>
          </params>
          <reporter-output>
          </reporter-output>
        </test-method> <!-- user_is_on_PaymentPage -->
        <test-method signature="user_enters_Payment_credentials()[pri:2, instance:Payment_Portal.Paymentportal@6933b6c6]" started-at="2023-01-31T14:44:56 IST" name="user_enters_Payment_credentials" finished-at="2023-01-31T14:44:57 IST" duration-ms="515" status="PASS">
          <reporter-output>
          </reporter-output>
        </test-method> <!-- user_enters_Payment_credentials -->
        <test-method signature="clicks_pay_button()[pri:3, instance:Payment_Portal.Paymentportal@6933b6c6]" started-at="2023-01-31T14:44:57 IST" name="clicks_pay_button" finished-at="2023-01-31T14:44:57 IST" duration-ms="67" status="PASS">
          <reporter-output>
          </reporter-output>
        </test-method> <!-- clicks_pay_button -->
        <test-method signature="displayed_with_thankyou_message()[pri:4, instance:Payment_Portal.Paymentportal@6933b6c6]" started-at="2023-01-31T14:44:57 IST" name="displayed_with_thankyou_message" finished-at="2023-01-31T14:45:00 IST" duration-ms="3479" status="PASS">
          <reporter-output>
          </reporter-output>
        </test-method> <!-- displayed_with_thankyou_message -->
      </class> <!-- Payment_Portal.Paymentportal -->
    </test> <!-- IETest3 -->
    <test started-at="2023-01-31T14:44:22 IST" name="ChromeTest4" finished-at="2023-01-31T14:45:10 IST" duration-ms="48248">
      <class name="BookingCancellation.BookingCancellation">
        <test-method signature="user_has_made_a_booking(java.lang.String)[pri:1, instance:BookingCancellation.BookingCancellation@2254127a]" started-at="2023-01-31T14:44:22 IST" name="user_has_made_a_booking" finished-at="2023-01-31T14:44:57 IST" duration-ms="34656" status="PASS">
          <params>
            <param index="0">
              <value>
                <![CDATA[chrome]]>
              </value>
            </param>
          </params>
          <reporter-output>
          </reporter-output>
        </test-method> <!-- user_has_made_a_booking -->
        <test-method signature="user_Clicks_on_Bookings()[pri:2, instance:BookingCancellation.BookingCancellation@2254127a]" started-at="2023-01-31T14:44:57 IST" name="user_Clicks_on_Bookings" finished-at="2023-01-31T14:44:57 IST" duration-ms="266" status="PASS">
          <reporter-output>
          </reporter-output>
        </test-method> <!-- user_Clicks_on_Bookings -->
        <test-method signature="clicks_cancelReservation_button()[pri:3, instance:BookingCancellation.BookingCancellation@2254127a]" started-at="2023-01-31T14:44:57 IST" name="clicks_cancelReservation_button" finished-at="2023-01-31T14:44:57 IST" duration-ms="245" status="FAIL">
          <exception class="org.openqa.selenium.StaleElementReferenceException">
            <message>
              <![CDATA[stale element reference: element is not attached to the page document
  (Session info: chrome=109.0.5414.120)
For documentation on this error, please visit: https://selenium.dev/exceptions/#stale_element_reference
Build info: version: '4.6.0', revision: '79f1c02ae20'
System info: os.name: 'Windows 11', os.arch: 'amd64', os.version: '10.0', java.version: '17.0.4.1'
Driver info: org.openqa.selenium.chrome.ChromeDriver
Command: [74ae076101b5cf30c44ecb189bd74d28, clickElement {id=689c49a0-9659-4829-8407-b3e441d36b57}]
Capabilities {acceptInsecureCerts: false, browserName: chrome, browserVersion: 109.0.5414.120, chrome: {chromedriverVersion: 109.0.5414.74 (e7c5703604da..., userDataDir: C:\Program Files (x86)\scop...}, goog:chromeOptions: {debuggerAddress: localhost:59096}, networkConnectionEnabled: false, pageLoadStrategy: normal, platformName: WINDOWS, proxy: Proxy(), se:cdp: ws://localhost:59096/devtoo..., se:cdpVersion: 109.0.5414.120, setWindowRect: true, strictFileInteractability: false, timeouts: {implicit: 0, pageLoad: 300000, script: 30000}, unhandledPromptBehavior: dismiss and notify, webauthn:extension:credBlob: true, webauthn:extension:largeBlob: true, webauthn:virtualAuthenticators: true}
Element: [[ChromeDriver: chrome on WINDOWS (74ae076101b5cf30c44ecb189bd74d28)] -> xpath: /html/body/div/div/div[2]/div/div[6]/button]
Session ID: 74ae076101b5cf30c44ecb189bd74d28]]>
            </message>
            <full-stacktrace>
              <![CDATA[org.openqa.selenium.StaleElementReferenceException: stale element reference: element is not attached to the page document
  (Session info: chrome=109.0.5414.120)
For documentation on this error, please visit: https://selenium.dev/exceptions/#stale_element_reference
Build info: version: '4.6.0', revision: '79f1c02ae20'
System info: os.name: 'Windows 11', os.arch: 'amd64', os.version: '10.0', java.version: '17.0.4.1'
Driver info: org.openqa.selenium.chrome.ChromeDriver
Command: [74ae076101b5cf30c44ecb189bd74d28, clickElement {id=689c49a0-9659-4829-8407-b3e441d36b57}]
Capabilities {acceptInsecureCerts: false, browserName: chrome, browserVersion: 109.0.5414.120, chrome: {chromedriverVersion: 109.0.5414.74 (e7c5703604da..., userDataDir: C:\Program Files (x86)\scop...}, goog:chromeOptions: {debuggerAddress: localhost:59096}, networkConnectionEnabled: false, pageLoadStrategy: normal, platformName: WINDOWS, proxy: Proxy(), se:cdp: ws://localhost:59096/devtoo..., se:cdpVersion: 109.0.5414.120, setWindowRect: true, strictFileInteractability: false, timeouts: {implicit: 0, pageLoad: 300000, script: 30000}, unhandledPromptBehavior: dismiss and notify, webauthn:extension:credBlob: true, webauthn:extension:largeBlob: true, webauthn:virtualAuthenticators: true}
Element: [[ChromeDriver: chrome on WINDOWS (74ae076101b5cf30c44ecb189bd74d28)] -> xpath: /html/body/div/div/div[2]/div/div[6]/button]
Session ID: 74ae076101b5cf30c44ecb189bd74d28
at java.base/jdk.internal.reflect.NativeConstructorAccessorImpl.newInstance0(Native Method)
at java.base/jdk.internal.reflect.NativeConstructorAccessorImpl.newInstance(NativeConstructorAccessorImpl.java:77)
at java.base/jdk.internal.reflect.DelegatingConstructorAccessorImpl.newInstance(DelegatingConstructorAccessorImpl.java:45)
at java.base/java.lang.reflect.Constructor.newInstanceWithCaller(Constructor.java:499)
at java.base/java.lang.reflect.Constructor.newInstance(Constructor.java:480)
at org.openqa.selenium.remote.codec.w3c.W3CHttpResponseCodec.createException(W3CHttpResponseCodec.java:200)
at org.openqa.selenium.remote.codec.w3c.W3CHttpResponseCodec.decode(W3CHttpResponseCodec.java:133)
at org.openqa.selenium.remote.codec.w3c.W3CHttpResponseCodec.decode(W3CHttpResponseCodec.java:53)
at org.openqa.selenium.remote.HttpCommandExecutor.execute(HttpCommandExecutor.java:184)
at org.openqa.selenium.remote.service.DriverCommandExecutor.invokeExecute(DriverCommandExecutor.java:167)
at org.openqa.selenium.remote.service.DriverCommandExecutor.execute(DriverCommandExecutor.java:142)
at org.openqa.selenium.remote.RemoteWebDriver.execute(RemoteWebDriver.java:541)
at org.openqa.selenium.remote.RemoteWebElement.execute(RemoteWebElement.java:257)
at org.openqa.selenium.remote.RemoteWebElement.click(RemoteWebElement.java:78)
at BookingCancellation.BookingCancellation.clicks_cancelReservation_button(BookingCancellation.java:121)
at java.base/jdk.internal.reflect.NativeMethodAccessorImpl.invoke0(Native Method)
at java.base/jdk.internal.reflect.NativeMethodAccessorImpl.invoke(NativeMethodAccessorImpl.java:77)
at java.base/jdk.internal.reflect.DelegatingMethodAccessorImpl.invoke(DelegatingMethodAccessorImpl.java:43)
at java.base/java.lang.reflect.Method.invoke(Method.java:568)
at org.testng.internal.MethodInvocationHelper.invokeMethod(MethodInvocationHelper.java:133)
at org.testng.internal.TestInvoker.invokeMethod(TestInvoker.java:598)
at org.testng.internal.TestInvoker.invokeTestMethod(TestInvoker.java:173)
at org.testng.internal.MethodRunner.runInSequence(MethodRunner.java:46)
at org.testng.internal.TestInvoker$MethodInvocationAgent.invoke(TestInvoker.java:824)
at org.testng.internal.TestInvoker.invokeTestMethods(TestInvoker.java:146)
at org.testng.internal.TestMethodWorker.invokeTestMethods(TestMethodWorker.java:146)
at org.testng.internal.TestMethodWorker.run(TestMethodWorker.java:128)
at java.base/java.util.ArrayList.forEach(ArrayList.java:1511)
at org.testng.TestRunner.privateRun(TestRunner.java:794)
at org.testng.TestRunner.run(TestRunner.java:596)
at org.testng.SuiteRunner.runTest(SuiteRunner.java:377)
at org.testng.SuiteRunner.access$000(SuiteRunner.java:28)
at org.testng.SuiteRunner$SuiteWorker.run(SuiteRunner.java:418)
at org.testng.internal.thread.ThreadUtil.lambda$execute$0(ThreadUtil.java:64)
at java.base/java.util.concurrent.FutureTask.run(FutureTask.java:264)
at java.base/java.util.concurrent.ThreadPoolExecutor.runWorker(ThreadPoolExecutor.java:1136)
at java.base/java.util.concurrent.ThreadPoolExecutor$Worker.run(ThreadPoolExecutor.java:635)
at java.base/java.lang.Thread.run(Thread.java:833)
]]>
            </full-stacktrace>
          </exception> <!-- org.openqa.selenium.StaleElementReferenceException -->
          <reporter-output>
          </reporter-output>
        </test-method> <!-- clicks_cancelReservation_button -->
        <test-method signature="displayed_with_cancelled_message()[pri:4, instance:BookingCancellation.BookingCancellation@2254127a]" started-at="2023-01-31T14:44:57 IST" name="displayed_with_cancelled_message" finished-at="2023-01-31T14:45:10 IST" duration-ms="13067" status="FAIL">
          <exception class="org.openqa.selenium.NoSuchElementException">
            <message>
              <![CDATA[no such element: Unable to locate element: {"method":"xpath","selector":"/html/body/div[1]/div/div[2]/p"}
  (Session info: chrome=109.0.5414.120)
For documentation on this error, please visit: https://selenium.dev/exceptions/#no_such_element
Build info: version: '4.6.0', revision: '79f1c02ae20'
System info: os.name: 'Windows 11', os.arch: 'amd64', os.version: '10.0', java.version: '17.0.4.1'
Driver info: org.openqa.selenium.chrome.ChromeDriver
Command: [74ae076101b5cf30c44ecb189bd74d28, findElement {using=xpath, value=/html/body/div[1]/div/div[2]/p}]
Capabilities {acceptInsecureCerts: false, browserName: chrome, browserVersion: 109.0.5414.120, chrome: {chromedriverVersion: 109.0.5414.74 (e7c5703604da..., userDataDir: C:\Program Files (x86)\scop...}, goog:chromeOptions: {debuggerAddress: localhost:59096}, networkConnectionEnabled: false, pageLoadStrategy: normal, platformName: WINDOWS, proxy: Proxy(), se:cdp: ws://localhost:59096/devtoo..., se:cdpVersion: 109.0.5414.120, setWindowRect: true, strictFileInteractability: false, timeouts: {implicit: 0, pageLoad: 300000, script: 30000}, unhandledPromptBehavior: dismiss and notify, webauthn:extension:credBlob: true, webauthn:extension:largeBlob: true, webauthn:virtualAuthenticators: true}
Session ID: 74ae076101b5cf30c44ecb189bd74d28]]>
            </message>
            <full-stacktrace>
              <![CDATA[org.openqa.selenium.NoSuchElementException: no such element: Unable to locate element: {"method":"xpath","selector":"/html/body/div[1]/div/div[2]/p"}
  (Session info: chrome=109.0.5414.120)
For documentation on this error, please visit: https://selenium.dev/exceptions/#no_such_element
Build info: version: '4.6.0', revision: '79f1c02ae20'
System info: os.name: 'Windows 11', os.arch: 'amd64', os.version: '10.0', java.version: '17.0.4.1'
Driver info: org.openqa.selenium.chrome.ChromeDriver
Command: [74ae076101b5cf30c44ecb189bd74d28, findElement {using=xpath, value=/html/body/div[1]/div/div[2]/p}]
Capabilities {acceptInsecureCerts: false, browserName: chrome, browserVersion: 109.0.5414.120, chrome: {chromedriverVersion: 109.0.5414.74 (e7c5703604da..., userDataDir: C:\Program Files (x86)\scop...}, goog:chromeOptions: {debuggerAddress: localhost:59096}, networkConnectionEnabled: false, pageLoadStrategy: normal, platformName: WINDOWS, proxy: Proxy(), se:cdp: ws://localhost:59096/devtoo..., se:cdpVersion: 109.0.5414.120, setWindowRect: true, strictFileInteractability: false, timeouts: {implicit: 0, pageLoad: 300000, script: 30000}, unhandledPromptBehavior: dismiss and notify, webauthn:extension:credBlob: true, webauthn:extension:largeBlob: true, webauthn:virtualAuthenticators: true}
Session ID: 74ae076101b5cf30c44ecb189bd74d28
at java.base/jdk.internal.reflect.NativeConstructorAccessorImpl.newInstance0(Native Method)
at java.base/jdk.internal.reflect.NativeConstructorAccessorImpl.newInstance(NativeConstructorAccessorImpl.java:77)
at java.base/jdk.internal.reflect.DelegatingConstructorAccessorImpl.newInstance(DelegatingConstructorAccessorImpl.java:45)
at java.base/java.lang.reflect.Constructor.newInstanceWithCaller(Constructor.java:499)
at java.base/java.lang.reflect.Constructor.newInstance(Constructor.java:480)
at org.openqa.selenium.remote.codec.w3c.W3CHttpResponseCodec.createException(W3CHttpResponseCodec.java:200)
at org.openqa.selenium.remote.codec.w3c.W3CHttpResponseCodec.decode(W3CHttpResponseCodec.java:133)
at org.openqa.selenium.remote.codec.w3c.W3CHttpResponseCodec.decode(W3CHttpResponseCodec.java:53)
at org.openqa.selenium.remote.HttpCommandExecutor.execute(HttpCommandExecutor.java:184)
at org.openqa.selenium.remote.service.DriverCommandExecutor.invokeExecute(DriverCommandExecutor.java:167)
at org.openqa.selenium.remote.service.DriverCommandExecutor.execute(DriverCommandExecutor.java:142)
at org.openqa.selenium.remote.RemoteWebDriver.execute(RemoteWebDriver.java:541)
at org.openqa.selenium.remote.ElementLocation$ElementFinder$2.findElement(ElementLocation.java:162)
at org.openqa.selenium.remote.ElementLocation.findElement(ElementLocation.java:60)
at org.openqa.selenium.remote.RemoteWebDriver.findElement(RemoteWebDriver.java:365)
at org.openqa.selenium.remote.RemoteWebDriver.findElement(RemoteWebDriver.java:357)
at pageObjects.Cancellation_PO.getNoBookingInfo(Cancellation_PO.java:47)
at BookingCancellation.BookingCancellation.displayed_with_cancelled_message(BookingCancellation.java:144)
at java.base/jdk.internal.reflect.NativeMethodAccessorImpl.invoke0(Native Method)
at java.base/jdk.internal.reflect.NativeMethodAccessorImpl.invoke(NativeMethodAccessorImpl.java:77)
at java.base/jdk.internal.reflect.DelegatingMethodAccessorImpl.invoke(DelegatingMethodAccessorImpl.java:43)
at java.base/java.lang.reflect.Method.invoke(Method.java:568)
at org.testng.internal.MethodInvocationHelper.invokeMethod(MethodInvocationHelper.java:133)
at org.testng.internal.TestInvoker.invokeMethod(TestInvoker.java:598)
at org.testng.internal.TestInvoker.invokeTestMethod(TestInvoker.java:173)
at org.testng.internal.MethodRunner.runInSequence(MethodRunner.java:46)
at org.testng.internal.TestInvoker$MethodInvocationAgent.invoke(TestInvoker.java:824)
at org.testng.internal.TestInvoker.invokeTestMethods(TestInvoker.java:146)
at org.testng.internal.TestMethodWorker.invokeTestMethods(TestMethodWorker.java:146)
at org.testng.internal.TestMethodWorker.run(TestMethodWorker.java:128)
at java.base/java.util.ArrayList.forEach(ArrayList.java:1511)
at org.testng.TestRunner.privateRun(TestRunner.java:794)
at org.testng.TestRunner.run(TestRunner.java:596)
at org.testng.SuiteRunner.runTest(SuiteRunner.java:377)
at org.testng.SuiteRunner.access$000(SuiteRunner.java:28)
at org.testng.SuiteRunner$SuiteWorker.run(SuiteRunner.java:418)
at org.testng.internal.thread.ThreadUtil.lambda$execute$0(ThreadUtil.java:64)
at java.base/java.util.concurrent.FutureTask.run(FutureTask.java:264)
at java.base/java.util.concurrent.ThreadPoolExecutor.runWorker(ThreadPoolExecutor.java:1136)
at java.base/java.util.concurrent.ThreadPoolExecutor$Worker.run(ThreadPoolExecutor.java:635)
at java.base/java.lang.Thread.run(Thread.java:833)
]]>
            </full-stacktrace>
          </exception> <!-- org.openqa.selenium.NoSuchElementException -->
          <reporter-output>
          </reporter-output>
        </test-method> <!-- displayed_with_cancelled_message -->
      </class> <!-- BookingCancellation.BookingCancellation -->
    </test> <!-- ChromeTest4 -->
  </suite> <!-- Suite -->
</testng-results>
