<?xml version="1.0" encoding="UTF-8"?>
<!-- Generated by org.testng.reporters.JUnitReportReporter -->
<testsuite hostname="INLEN8520041077" failures="0" tests="8" name="Payment_Portal.Paymentportal" time="88.893" errors="0" timestamp="2023-01-31T14:45:11 IST" skipped="0">
  <testcase classname="Payment_Portal.Paymentportal" name="user_is_on_PaymentPage" time="43.734"/>
  <system-out/>
  <testcase classname="Payment_Portal.Paymentportal" name="user_is_on_PaymentPage" time="36.286"/>
  <system-out/>
  <testcase classname="Payment_Portal.Paymentportal" name="user_enters_Payment_credentials" time="0.855"/>
  <system-out/>
  <testcase classname="Payment_Portal.Paymentportal" name="user_enters_Payment_credentials" time="0.515"/>
  <system-out/>
  <testcase classname="Payment_Portal.Paymentportal" name="clicks_pay_button" time="0.088"/>
  <system-out/>
  <testcase classname="Payment_Portal.Paymentportal" name="clicks_pay_button" time="0.067"/>
  <system-out/>
  <testcase classname="Payment_Portal.Paymentportal" name="displayed_with_thankyou_message" time="3.479"/>
  <system-out/>
  <testcase classname="Payment_Portal.Paymentportal" name="displayed_with_thankyou_message" time="3.869"/>
  <system-out/>
</testsuite> <!-- Payment_Portal.Paymentportal -->
