<?xml version="1.0" encoding="UTF-8"?>
<!-- Generated by org.testng.reporters.JUnitReportReporter -->
<testsuite hostname="INLEN8520041077" failures="0" tests="4" name="SearchStepDef.SearchStepDef" time="24.583" errors="0" timestamp="2023-01-30T14:18:38 IST" skipped="0">
  <testcase classname="SearchStepDef.SearchStepDef" name="user_is_on_search_page" time="24.184"/>
  <system-out/>
  <testcase classname="SearchStepDef.SearchStepDef" name="user_searches_for_available_flights" time="0.271"/>
  <system-out/>
  <testcase classname="SearchStepDef.SearchStepDef" name="user_clicks_on_available_flight_bookings" time="0.127"/>
  <system-out/>
  <testcase classname="SearchStepDef.SearchStepDef" name="user_is_navigated_to_booking_page" time="0.001"/>
  <system-out/>
</testsuite> <!-- SearchStepDef.SearchStepDef -->
