<?xml version="1.0" encoding="UTF-8"?>
<!-- Generated by org.testng.reporters.JUnitReportReporter -->
<testsuite hostname="INLEN8520041077" failures="0" tests="8" name="Passengers_details.PassengersDetails" time="90.475" errors="0" timestamp="2023-01-31T14:45:11 IST" skipped="0">
  <testcase classname="Passengers_details.PassengersDetails" name="user_is_on_BookingPage" time="41.686"/>
  <system-out/>
  <testcase classname="Passengers_details.PassengersDetails" name="user_is_on_BookingPage" time="41.031"/>
  <system-out/>
  <testcase classname="Passengers_details.PassengersDetails" name="enters_number_and_password" time="2.925"/>
  <system-out/>
  <testcase classname="Passengers_details.PassengersDetails" name="enters_number_and_password" time="2.869"/>
  <system-out/>
  <testcase classname="Passengers_details.PassengersDetails" name="clicks_login_button" time="0.231"/>
  <system-out/>
  <testcase classname="Passengers_details.PassengersDetails" name="clicks_login_button" time="0.156"/>
  <system-out/>
  <testcase classname="Passengers_details.PassengersDetails" name="user_is_navigated_to_payment_portal" time="0.783"/>
  <system-out/>
  <testcase classname="Passengers_details.PassengersDetails" name="user_is_navigated_to_payment_portal" time="0.794"/>
  <system-out/>
</testsuite> <!-- Passengers_details.PassengersDetails -->
