<?xml version="1.0" encoding="UTF-8"?>
<!-- Generated by org.testng.reporters.JUnitReportReporter -->
<testsuite hostname="INLEN8520041077" failures="0" tests="8" name="Navigation_to_booking_page.NavigationToBookingPage" time="84.091" errors="0" timestamp="2023-01-31T14:45:11 IST" skipped="0">
  <testcase classname="Navigation_to_booking_page.NavigationToBookingPage" name="user_is_on_search_page" time="31.024"/>
  <system-out/>
  <testcase classname="Navigation_to_booking_page.NavigationToBookingPage" name="user_is_on_search_page" time="33.757"/>
  <system-out/>
  <testcase classname="Navigation_to_booking_page.NavigationToBookingPage" name="user_searches_for_available_flights" time="8.866"/>
  <system-out/>
  <testcase classname="Navigation_to_booking_page.NavigationToBookingPage" name="user_searches_for_available_flights" time="8.956"/>
  <system-out/>
  <testcase classname="Navigation_to_booking_page.NavigationToBookingPage" name="user_clicks_on_available_flight_bookings" time="0.238"/>
  <system-out/>
  <testcase classname="Navigation_to_booking_page.NavigationToBookingPage" name="user_clicks_on_available_flight_bookings" time="0.266"/>
  <system-out/>
  <testcase classname="Navigation_to_booking_page.NavigationToBookingPage" name="user_is_navigated_to_booking_page" time="0.465"/>
  <system-out/>
  <testcase classname="Navigation_to_booking_page.NavigationToBookingPage" name="user_is_navigated_to_booking_page" time="0.519"/>
  <system-out/>
</testsuite> <!-- Navigation_to_booking_page.NavigationToBookingPage -->
